<?xml version="1.0" encoding="UTF-8"?>
<!-- Generated by org.testng.reporters.JUnitReportReporter -->
<testsuite hostname="DESKTOP-EGF8AOH" failures="0" tests="1" name="com.vtiger.comcast.opportunitytest.OpportunityTest" time="141.872" errors="0" timestamp="2021-09-06T16:29:33 IST" skipped="0">
  <testcase classname="com.vtiger.comcast.opportunitytest.OpportunityTest" name="createOpportunityTest" time="141.872"/>
  <system-out/>
</testsuite> <!-- com.vtiger.comcast.opportunitytest.OpportunityTest -->
