<?xml version="1.0" encoding="UTF-8"?>
<!-- Generated by org.testng.reporters.JUnitReportReporter -->
<testsuite hostname="DESKTOP-EGF8AOH" failures="0" tests="1" name="com.vtiger.comcast.opportunitytest.OpportunityTest" time="172.463" errors="0" timestamp="2021-09-09T16:57:38 IST" skipped="0">
  <testcase classname="com.vtiger.comcast.opportunitytest.OpportunityTest" name="createOpportunityTest" time="172.463"/>
  <system-out/>
</testsuite> <!-- com.vtiger.comcast.opportunitytest.OpportunityTest -->
