<?xml version="1.0" encoding="UTF-8"?>
<!-- Generated by org.testng.reporters.JUnitReportReporter -->
<testsuite hostname="DESKTOP-EGF8AOH" failures="0" tests="2" name="com.vtiger.comcast.practice.OrganizationPage2" time="60.171" errors="0" timestamp="2021-08-25T14:43:54 IST" skipped="0">
  <testcase classname="com.vtiger.comcast.practice.OrganizationPage2" name="organizationPage" time="42.998"/>
  <system-out/>
  <testcase classname="com.vtiger.comcast.practice.OrganizationPage2" name="homePage" time="17.173"/>
  <system-out/>
</testsuite> <!-- com.vtiger.comcast.practice.OrganizationPage2 -->
