<?xml version="1.0" encoding="UTF-8"?>
<!-- Generated by org.testng.reporters.JUnitReportReporter -->
<testsuite hostname="DESKTOP-EGF8AOH" failures="0" tests="2" name="com.vtiger.comcast.practice.OrganizationPage" time="70.920" errors="0" timestamp="2021-08-25T12:44:29 IST" skipped="0">
  <testcase classname="com.vtiger.comcast.practice.OrganizationPage" name="organizationPage" time="54.481"/>
  <system-out/>
  <testcase classname="com.vtiger.comcast.practice.OrganizationPage" name="homePage" time="16.439"/>
  <system-out/>
</testsuite> <!-- com.vtiger.comcast.practice.OrganizationPage -->
